# JRE version: Java(TM) SE Runtime Environment (8.0_251-b08) (build 1.8.0_251-b08)
# Java VM: Java HotSpot(TM) 64-Bit Server VM (25.251-b08 mixed mode windows-amd64 compressed oops)
Heap:
 PSYoungGen      total 173056K, used 100173K [0x000000076af00000, 0x0000000779f80000, 0x00000007c0000000)
  eden space 150528K, 66% used [0x000000076af00000,0x00000007710d3658,0x0000000774200000)
  from space 22528K, 0% used [0x0000000774200000,0x0000000774200000,0x0000000775800000)
  to   space 22016K, 0% used [0x0000000778a00000,0x0000000778a00000,0x0000000779f80000)
 ParOldGen       total 182784K, used 31804K [0x00000006c0c00000, 0x00000006cbe80000, 0x000000076af00000)
  object space 182784K, 17% used [0x00000006c0c00000,0x00000006c2b0f1e0,0x00000006cbe80000)
 Metaspace       used 46893K, capacity 49180K, committed 49408K, reserved 1093632K
  class space    used 5387K, capacity 6084K, committed 6144K, reserved 1048576K
GC Heap History (10 events):
Event: 6.033 GC heap before
{Heap before GC invocations=7 (full 1):
 PSYoungGen      total 76288K, used 76271K [0x000000076af00000, 0x0000000772f00000, 0x00000007c0000000)
  eden space 65536K, 100% used [0x000000076af00000,0x000000076ef00000,0x000000076ef00000)
  from space 10752K, 99% used [0x000000076ef00000,0x000000076f97bd30,0x000000076f980000)
  to   space 15360K, 0% used [0x0000000772000000,0x0000000772000000,0x0000000772f00000)
 ParOldGen       total 114176K, used 16983K [0x00000006c0c00000, 0x00000006c7b80000, 0x000000076af00000)
  object space 114176K, 14% used [0x00000006c0c00000,0x00000006c1c95c18,0x00000006c7b80000)
 Metaspace       used 25638K, capacity 26268K, committed 26496K, reserved 1073152K
  class space    used 2874K, capacity 3094K, committed 3200K, reserved 1048576K
Event: 6.040 GC heap after
Heap after GC invocations=7 (full 1):
 PSYoungGen      total 115712K, used 12241K [0x000000076af00000, 0x0000000772f00000, 0x00000007c0000000)
  eden space 100352K, 0% used [0x000000076af00000,0x000000076af00000,0x0000000771100000)
  from space 15360K, 79% used [0x0000000772000000,0x0000000772bf4778,0x0000000772f00000)
  to   space 15360K, 0% used [0x0000000771100000,0x0000000771100000,0x0000000772000000)
 ParOldGen       total 114176K, used 16991K [0x00000006c0c00000, 0x00000006c7b80000, 0x000000076af00000)
  object space 114176K, 14% used [0x00000006c0c00000,0x00000006c1c97c18,0x00000006c7b80000)
 Metaspace       used 25638K, capacity 26268K, committed 26496K, reserved 1073152K
  class space    used 2874K, capacity 3094K, committed 3200K, reserved 1048576K
}
Event: 7.310 GC heap before
{Heap before GC invocations=8 (full 1):
 PSYoungGen      total 115712K, used 112593K [0x000000076af00000, 0x0000000772f00000, 0x00000007c0000000)
  eden space 100352K, 100% used [0x000000076af00000,0x0000000771100000,0x0000000771100000)
  from space 15360K, 79% used [0x0000000772000000,0x0000000772bf4778,0x0000000772f00000)
  to   space 15360K, 0% used [0x0000000771100000,0x0000000771100000,0x0000000772000000)
 ParOldGen       total 114176K, used 16991K [0x00000006c0c00000, 0x00000006c7b80000, 0x000000076af00000)
  object space 114176K, 14% used [0x00000006c0c00000,0x00000006c1c97c18,0x00000006c7b80000)
 Metaspace       used 26092K, capacity 26748K, committed 27008K, reserved 1073152K
  class space    used 2901K, capacity 3126K, committed 3200K, reserved 1048576K
Event: 7.323 GC heap after
Heap after GC invocations=8 (full 1):
 PSYoungGen      total 115712K, used 15339K [0x000000076af00000, 0x0000000776b00000, 0x00000007c0000000)
  eden space 100352K, 0% used [0x000000076af00000,0x000000076af00000,0x0000000771100000)
  from space 15360K, 99% used [0x0000000771100000,0x0000000771ffaf10,0x0000000772000000)
  to   space 19456K, 0% used [0x0000000775800000,0x0000000775800000,0x0000000776b00000)
 ParOldGen       total 114176K, used 23488K [0x00000006c0c00000, 0x00000006c7b80000, 0x000000076af00000)
  object space 114176K, 20% used [0x00000006c0c00000,0x00000006c22f02f0,0x00000006c7b80000)
 Metaspace       used 26092K, capacity 26748K, committed 27008K, reserved 1073152K
  class space    used 2901K, capacity 3126K, committed 3200K, reserved 1048576K
}
Event: 8.233 GC heap before
{Heap before GC invocations=9 (full 1):
 PSYoungGen      total 115712K, used 115691K [0x000000076af00000, 0x0000000776b00000, 0x00000007c0000000)
  eden space 100352K, 100% used [0x000000076af00000,0x0000000771100000,0x0000000771100000)
  from space 15360K, 99% used [0x0000000771100000,0x0000000771ffaf10,0x0000000772000000)
  to   space 19456K, 0% used [0x0000000775800000,0x0000000775800000,0x0000000776b00000)
 ParOldGen       total 114176K, used 23488K [0x00000006c0c00000, 0x00000006c7b80000, 0x000000076af00000)
  object space 114176K, 20% used [0x00000006c0c00000,0x00000006c22f02f0,0x00000006c7b80000)
 Metaspace       used 28642K, capacity 29420K, committed 29568K, reserved 1075200K
  class space    used 3126K, capacity 3378K, committed 3456K, reserved 1048576K
Event: 8.247 GC heap after
Heap after GC invocations=9 (full 1):
 PSYoungGen      total 169984K, used 19446K [0x000000076af00000, 0x0000000777480000, 0x00000007c0000000)
  eden space 150528K, 0% used [0x000000076af00000,0x000000076af00000,0x0000000774200000)
  from space 19456K, 99% used [0x0000000775800000,0x0000000776afd858,0x0000000776b00000)
  to   space 22528K, 0% used [0x0000000774200000,0x0000000774200000,0x0000000775800000)
 ParOldGen       total 114176K, used 25649K [0x00000006c0c00000, 0x00000006c7b80000, 0x000000076af00000)
  object space 114176K, 22% used [0x00000006c0c00000,0x00000006c250c660,0x00000006c7b80000)
 Metaspace       used 28642K, capacity 29420K, committed 29568K, reserved 1075200K
  class space    used 3126K, capacity 3378K, committed 3456K, reserved 1048576K
}
Event: 9.305 GC heap before
{Heap before GC invocations=10 (full 1):
 PSYoungGen      total 169984K, used 76711K [0x000000076af00000, 0x0000000777480000, 0x00000007c0000000)
  eden space 150528K, 38% used [0x000000076af00000,0x000000076e6ec500,0x0000000774200000)
  from space 19456K, 99% used [0x0000000775800000,0x0000000776afd858,0x0000000776b00000)
  to   space 22528K, 0% used [0x0000000774200000,0x0000000774200000,0x0000000775800000)
 ParOldGen       total 114176K, used 25649K [0x00000006c0c00000, 0x00000006c7b80000, 0x000000076af00000)
  object space 114176K, 22% used [0x00000006c0c00000,0x00000006c250c660,0x00000006c7b80000)
 Metaspace       used 34236K, capacity 35326K, committed 35456K, reserved 1081344K
  class space    used 3789K, capacity 4157K, committed 4224K, reserved 1048576K
Event: 9.318 GC heap after
Heap after GC invocations=10 (full 1):
 PSYoungGen      total 173056K, used 15605K [0x000000076af00000, 0x0000000779f80000, 0x00000007c0000000)
  eden space 150528K, 0% used [0x000000076af00000,0x000000076af00000,0x0000000774200000)
  from space 22528K, 69% used [0x0000000774200000,0x000000077513d728,0x0000000775800000)
  to   space 22016K, 0% used [0x0000000778a00000,0x0000000778a00000,0x0000000779f80000)
 ParOldGen       total 114176K, used 35993K [0x00000006c0c00000, 0x00000006c7b80000, 0x000000076af00000)
  object space 114176K, 31% used [0x00000006c0c00000,0x00000006c2f267e8,0x00000006c7b80000)
 Metaspace       used 34236K, capacity 35326K, committed 35456K, reserved 1081344K
  class space    used 3789K, capacity 4157K, committed 4224K, reserved 1048576K
}
Event: 9.318 GC heap before
{Heap before GC invocations=11 (full 2):
 PSYoungGen      total 173056K, used 15605K [0x000000076af00000, 0x0000000779f80000, 0x00000007c0000000)
  eden space 150528K, 0% used [0x000000076af00000,0x000000076af00000,0x0000000774200000)
  from space 22528K, 69% used [0x0000000774200000,0x000000077513d728,0x0000000775800000)
  to   space 22016K, 0% used [0x0000000778a00000,0x0000000778a00000,0x0000000779f80000)
 ParOldGen       total 114176K, used 35993K [0x00000006c0c00000, 0x00000006c7b80000, 0x000000076af00000)
  object space 114176K, 31% used [0x00000006c0c00000,0x00000006c2f267e8,0x00000006c7b80000)
 Metaspace       used 34236K, capacity 35326K, committed 35456K, reserved 1081344K
  class space    used 3789K, capacity 4157K, committed 4224K, reserved 1048576K
Event: 9.363 GC heap after
Heap after GC invocations=11 (full 2):
 PSYoungGen      total 173056K, used 0K [0x000000076af00000, 0x0000000779f80000, 0x00000007c0000000)
  eden space 150528K, 0% used [0x000000076af00000,0x000000076af00000,0x0000000774200000)
  from space 22528K, 0% used [0x0000000774200000,0x0000000774200000,0x0000000775800000)
  to   space 22016K, 0% used [0x0000000778a00000,0x0000000778a00000,0x0000000779f80000)
 ParOldGen       total 182784K, used 31804K [0x00000006c0c00000, 0x00000006cbe80000, 0x000000076af00000)
  object space 182784K, 17% used [0x00000006c0c00000,0x00000006c2b0f1e0,0x00000006cbe80000)
 Metaspace       used 34236K, capacity 35326K, committed 35456K, reserved 1081344K
  class space    used 3789K, capacity 4157K, committed 4224K, reserved 1048576K
}

